C51 COMPILER V9.01   LED                                                                   07/02/2017 10:23:22 PAGE 1   


C51 COMPILER V9.01, COMPILATION OF MODULE LED
OBJECT MODULE PLACED IN led.obj
COMPILER INVOKED BY: F:\Program Files\Keil\C51\BIN\C51.EXE code\led\led.c BROWSE INCDIR(.\code\key;.\code\logic;.\code\t
                    -imer;.\code\driver;.\code\led;.\code\common) DEBUG OBJECTEXTEND PRINT(.\led.lst) OBJECT(led.obj)

line level    source

   1          #include "led.h"
   2          
   3          void ledInit(void)
   4          {
   5   1          P0M1 &= 0x3f;
   6   1              P0M2 |= 0XC0; 
   7   1      }
   8          
   9          
  10          


MODULE INFORMATION:   STATIC OVERLAYABLE
   CODE SIZE        =      7    ----
   CONSTANT SIZE    =   ----    ----
   XDATA SIZE       =   ----    ----
   PDATA SIZE       =   ----    ----
   DATA SIZE        =   ----    ----
   IDATA SIZE       =   ----    ----
   BIT SIZE         =   ----    ----
END OF MODULE INFORMATION.


C51 COMPILATION COMPLETE.  0 WARNING(S),  0 ERROR(S)
