C51 COMPILER V9.01   TIMER                                                                 06/29/2017 23:48:32 PAGE 1   


C51 COMPILER V9.01, COMPILATION OF MODULE TIMER
OBJECT MODULE PLACED IN timer.obj
COMPILER INVOKED BY: F:\Program Files\Keil\C51\BIN\C51.EXE code\timer\timer.c BROWSE INCDIR(.\code\key;.\code\logic;.\co
                    -de\timer;.\code\driver;.\code\led;.\code\common) DEBUG OBJECTEXTEND PRINT(.\timer.lst) OBJECT(timer.obj)

line level    source

   1          #include "timer.h"
   2          #include "N76E003.h"
   3          #include "typedef.h"
   4          #include "led.h"
   5          #include "key_driver.h"
   6          
   7          void timerInit(void)
   8          {
   9   1              TMOD &= 0xf0;
  10   1              TMOD |= 0X02; //开启定时器0模式2
  11   1              CKCON &= 0xf7; //定时器时钟为1/12系统时钟
  12   1              TH0 = 123;   //100us
  13   1              TL0 = 123;
  14   1              ET0 = 1;
  15   1              EA = 1;
  16   1              TR0 = 1;
  17   1      }
  18          
  19          void Timer0_ISR(void) interrupt 1
  20          {
  21   1              //100us的自动重装定时器
  22   1              static uint16_t cnt = 0;
  23   1              static uint16_t cnt1 = 0;
  24   1              cnt++;
  25   1              cnt1++;
  26   1              if(cnt >= 100)
  27   1              {
  28   2                      cnt = 0;        
  29   2                      keyScan();
  30   2              }
  31   1              if(cnt1 >= 5000)
  32   1              {
  33   2                      cnt1 = 0;
  34   2                      RF_LED = ~RF_LED;
  35   2              }
  36   1              
  37   1      }


MODULE INFORMATION:   STATIC OVERLAYABLE
   CODE SIZE        =    133    ----
   CONSTANT SIZE    =   ----    ----
   XDATA SIZE       =   ----    ----
   PDATA SIZE       =   ----    ----
   DATA SIZE        =      4    ----
   IDATA SIZE       =   ----    ----
   BIT SIZE         =   ----    ----
END OF MODULE INFORMATION.


C51 COMPILATION COMPLETE.  0 WARNING(S),  0 ERROR(S)
